-------------------------------------------------------------------------------
Test set: com.quest.infosystem.QuestApplicationTests
-------------------------------------------------------------------------------
Tests run: 1, Failures: 0, Errors: 1, Skipped: 0, Time elapsed: 0.321 s <<< FAILURE! - in com.quest.infosystem.QuestApplicationTests
initializationError(com.quest.infosystem.QuestApplicationTests)  Time elapsed: 0 s  <<< ERROR!
java.lang.IllegalStateException: Unable to find a @SpringBootConfiguration, you need to use @ContextConfiguration or @SpringBootTest(classes=...) with your test

